Change Value of Parameter I/O Type in Pin  Old=CONFIG    New=CONFIG
Change Value of Parameter I/O Type in Pin  Old=HR        New=CONFIG
Change Value of Parameter I/O Type in Pin  Old=MIO       New=CONFIG
Change Value of Parameter I/O Type in Pin  Old=DDR       New=CONFIG
Change Value of Parameter I/O Type in Pin  Old=NA        New=CONFIG
Change Value of Parameter I/O Type in Pin  Old=NA        New=CONFIG
Change Value of Parameter I/O Type in Pin  Old=NA        New=CONFIG
Change Value of Parameter I/O Type in Pin  Old=NA        New=CONFIG
Change Value of Parameter I/O Type in Pin  Old=NA        New=CONFIG
Change Value of Parameter I/O Type in Pin  Old=CONFIG    New=CONFIG
Change Value of Parameter I/O Type in Pin  Old=CONFIG    New=CONFIG
Change Value of Parameter I/O Type in Pin  Old=HR        New=CONFIG
Change Value of Parameter I/O Type in Pin  Old=HR        New=CONFIG
Change Value of Parameter I/O Type in Pin  Old=HR        New=CONFIG
Change Value of Parameter I/O Type in Pin  Old=HR        New=CONFIG
Change Value of Parameter I/O Type in Pin  Old=HR        New=CONFIG
Change Value of Parameter I/O Type in Pin  Old=HR        New=CONFIG
Change Value of Parameter I/O Type in Pin  Old=HR        New=CONFIG
Change Value of Parameter I/O Type in Pin  Old=HR        New=CONFIG
Change Value of Parameter I/O Type in Pin  Old=HR        New=CONFIG
Change Value of Parameter I/O Type in Pin  Old=HR        New=CONFIG
Change Value of Parameter I/O Type in Pin  Old=HR        New=HR    
Change Value of Parameter I/O Type in Pin  Old=HR        New=HR    
Change Value of Parameter I/O Type in Pin  Old=HR        New=HR    
Change Value of Parameter I/O Type in Pin  Old=HR        New=HR    
Change Value of Parameter I/O Type in Pin  Old=HR        New=HR    
Change Value of Parameter I/O Type in Pin  Old=HR        New=HR    
Change Value of Parameter I/O Type in Pin  Old=HR        New=HR    
Change Value of Parameter I/O Type in Pin  Old=HR        New=HR    
Change Value of Parameter I/O Type in Pin  Old=MIO       New=HR    
Change Value of Parameter I/O Type in Pin  Old=MIO       New=HR    
Change Value of Parameter I/O Type in Pin  Old=MIO       New=HR    
Change Value of Parameter I/O Type in Pin  Old=MIO       New=HR    
Change Value of Parameter I/O Type in Pin  Old=MIO       New=HR    
Change Value of Parameter I/O Type in Pin  Old=MIO       New=HR    
Change Value of Parameter I/O Type in Pin  Old=DDR       New=HR    
Change Value of Parameter I/O Type in Pin  Old=DDR       New=HR    
Change Value of Parameter I/O Type in Pin  Old=DDR       New=HR    
Change Value of Parameter I/O Type in Pin  Old=DDR       New=HR    
Change Value of Parameter I/O Type in Pin  Old=DDR       New=HR    
Change Value of Parameter I/O Type in Pin  Old=DDR       New=HR    
Change Value of Parameter I/O Type in Pin  Old=NA        New=HR    
Change Value of Parameter I/O Type in Pin  Old=NA        New=HR    
Change Value of Parameter I/O Type in Pin  Old=NA        New=HR    
Change Value of Parameter I/O Type in Pin  Old=NA        New=HR    
Change Value of Parameter I/O Type in Pin  Old=NA        New=HR    
Change Value of Parameter I/O Type in Pin  Old=NA        New=HR    
Change Value of Parameter I/O Type in Pin  Old=NA        New=HR    
Change Value of Parameter I/O Type in Pin  Old=NA        New=HR    
Change Value of Parameter I/O Type in Pin  Old=NA        New=HR    
Change Value of Parameter I/O Type in Pin  Old=NA        New=HR    
Change Value of Parameter I/O Type in Pin  Old=NA        New=HR    
Change Value of Parameter I/O Type in Pin  Old=NA        New=HR    
Change Value of Parameter I/O Type in Pin  Old=NA        New=HR    
Change Value of Parameter I/O Type in Pin  Old=NA        New=HR    
Change Value of Parameter I/O Type in Pin  Old=NA        New=HR    
Change Value of Parameter I/O Type in Pin  Old=NA        New=HR    
Change Value of Parameter I/O Type in Pin  Old=NA        New=HR    
Change Value of Parameter I/O Type in Pin  Old=NA        New=HR    
Change Value of Parameter I/O Type in Pin  Old=NA        New=HR    
Change Value of Parameter I/O Type in Pin  Old=NA        New=HR    
Change Value of Parameter I/O Type in Pin  Old=NA        New=HR    
Change Value of Parameter I/O Type in Pin  Old=NA        New=HR    
Change Value of Parameter I/O Type in Pin  Old=NA        New=HR    
Change Value of Parameter I/O Type in Pin  Old=NA        New=HR    
Change Value of Parameter I/O Type in Pin  Old=NA        New=HR    
Change Value of Parameter I/O Type in Pin  Old=NA        New=HR    
Change Value of Parameter I/O Type in Pin  Old=NA        New=HR    
Change Value of Parameter I/O Type in Pin  Old=NA        New=HR    
Change Value of Parameter I/O Type in Pin  Old=NA        New=HR    
Change Value of Parameter I/O Type in Pin  Old=NA        New=HR    
Change Value of Parameter I/O Type in Pin  Old=NA        New=HR    
Change Value of Parameter I/O Type in Pin  Old=NA        New=HR    
Change Value of Parameter I/O Type in Pin  Old=NA        New=HR    
Change Value of Parameter I/O Type in Pin  Old=NA        New=HR    
Change Value of Parameter I/O Type in Pin  Old=NA        New=HR    
Change Value of Parameter I/O Type in Pin  Old=NA        New=HR    
Change Value of Parameter I/O Type in Pin  Old=NA        New=HR    
Change Value of Parameter I/O Type in Pin  Old=NA        New=HR    
Change Value of Parameter I/O Type in Pin  Old=NA        New=HR    
Change Value of Parameter I/O Type in Pin  Old=NA        New=HR    
Change Value of Parameter I/O Type in Pin  Old=NA        New=HR    
Change Value of Parameter I/O Type in Pin  Old=NA        New=HR    
Change Value of Parameter I/O Type in Pin  Old=NA        New=HR    
Change Value of Parameter I/O Type in Pin  Old=NA        New=HR    
Change Value of Parameter I/O Type in Pin  Old=NA        New=HR    
Change Value of Parameter I/O Type in Pin  Old=NA        New=HR    
Change Value of Parameter I/O Type in Pin  Old=NA        New=HR    
Change Value of Parameter I/O Type in Pin  Old=NA        New=HR    
Change Value of Parameter I/O Type in Pin  Old=NA        New=HR    
Change Value of Parameter I/O Type in Pin  Old=NA        New=HR    
Change Value of Parameter I/O Type in Pin  Old=NA        New=HR    
Change Value of Parameter I/O Type in Pin  Old=NA        New=HR    
Change Value of Parameter I/O Type in Pin  Old=NA        New=HR    
Change Value of Parameter I/O Type in Pin  Old=NA        New=HR    
Change Value of Parameter I/O Type in Pin  Old=NA        New=HR    
Change Value of Parameter I/O Type in Pin  Old=NA        New=HR    
Change Value of Parameter I/O Type in Pin  Old=DDR       New=HR    
Change Value of Parameter I/O Type in Pin  Old=DDR       New=HR    
Change Value of Parameter I/O Type in Pin  Old=CONFIG    New=HR    
Change Value of Parameter I/O Type in Pin  Old=CONFIG    New=HR    
Change Value of Parameter I/O Type in Pin  Old=CONFIG    New=HR    
Change Value of Parameter I/O Type in Pin  Old=CONFIG    New=HR    
Change Value of Parameter I/O Type in Pin  Old=CONFIG    New=HR    
Change Value of Parameter I/O Type in Pin  Old=CONFIG    New=HR    
Change Value of Parameter I/O Type in Pin  Old=CONFIG    New=HR    
Change Value of Parameter I/O Type in Pin  Old=CONFIG    New=HR    
Change Value of Parameter I/O Type in Pin  Old=CONFIG    New=HR    
Change Value of Parameter I/O Type in Pin  Old=CONFIG    New=HR    
Change Value of Parameter I/O Type in Pin  Old=CONFIG    New=HR    
Change Value of Parameter I/O Type in Pin  Old=CONFIG    New=HR    
Change Value of Parameter I/O Type in Pin  Old=CONFIG    New=HR    
Change Value of Parameter I/O Type in Pin  Old=CONFIG    New=HR    
Change Value of Parameter I/O Type in Pin  Old=CONFIG    New=HR    
Change Value of Parameter I/O Type in Pin  Old=CONFIG    New=HR    
Change Value of Parameter I/O Type in Pin  Old=CONFIG    New=HR    
Change Value of Parameter I/O Type in Pin  Old=CONFIG    New=HR    
Change Value of Parameter I/O Type in Pin  Old=HR        New=HR    
Change Value of Parameter I/O Type in Pin  Old=HR        New=HR    
Change Value of Parameter I/O Type in Pin  Old=HR        New=HR    
Change Value of Parameter I/O Type in Pin  Old=HR        New=HR    
Change Value of Parameter I/O Type in Pin  Old=HR        New=HR    
Change Value of Parameter I/O Type in Pin  Old=HR        New=HR    
Change Value of Parameter I/O Type in Pin  Old=HR        New=HR    
Change Value of Parameter I/O Type in Pin  Old=HR        New=HR    
Change Value of Parameter I/O Type in Pin  Old=HR        New=HR    
Change Value of Parameter I/O Type in Pin  Old=HR        New=HR    
Change Value of Parameter I/O Type in Pin  Old=HR        New=HR    
Change Value of Parameter I/O Type in Pin  Old=HR        New=HR    
Change Value of Parameter I/O Type in Pin  Old=HR        New=HR    
Change Value of Parameter I/O Type in Pin  Old=HR        New=HR    
Change Value of Parameter I/O Type in Pin  Old=HR        New=HR    
Change Value of Parameter I/O Type in Pin  Old=HR        New=HR    
Change Value of Parameter I/O Type in Pin  Old=HR        New=HR    
Change Value of Parameter I/O Type in Pin  Old=HR        New=HR    
Change Value of Parameter I/O Type in Pin  Old=HR        New=HR    
Change Value of Parameter I/O Type in Pin  Old=HR        New=HR    
Change Value of Parameter I/O Type in Pin  Old=HR        New=HR    
Change Value of Parameter I/O Type in Pin  Old=HR        New=HR    
Change Value of Parameter I/O Type in Pin  Old=HR        New=HR    
Change Value of Parameter I/O Type in Pin  Old=HR        New=HR    
Change Value of Parameter I/O Type in Pin  Old=HR        New=HR    
Change Value of Parameter I/O Type in Pin  Old=HR        New=HR    
Change Value of Parameter I/O Type in Pin  Old=HR        New=HR    
Change Value of Parameter I/O Type in Pin  Old=HR        New=HR    
Change Value of Parameter I/O Type in Pin  Old=HR        New=HR    
Change Value of Parameter I/O Type in Pin  Old=HR        New=HR    
Change Value of Parameter I/O Type in Pin  Old=HR        New=HR    
Change Value of Parameter I/O Type in Pin  Old=HR        New=HR    
Change Value of Parameter I/O Type in Pin  Old=HR        New=HR    
Change Value of Parameter I/O Type in Pin  Old=HR        New=HR    
Change Value of Parameter I/O Type in Pin  Old=HR        New=HR    
Change Value of Parameter I/O Type in Pin  Old=HR        New=HR    
Change Value of Parameter I/O Type in Pin  Old=HR        New=HR    
Change Value of Parameter I/O Type in Pin  Old=HR        New=HR    
Change Value of Parameter I/O Type in Pin  Old=HR        New=HR    
Change Value of Parameter I/O Type in Pin  Old=HR        New=HR    
Change Value of Parameter I/O Type in Pin  Old=HR        New=HR    
Change Value of Parameter I/O Type in Pin  Old=HR        New=HR    
Change Value of Parameter I/O Type in Pin  Old=HR        New=HR    
Change Value of Parameter I/O Type in Pin  Old=HR        New=HR    
Change Value of Parameter I/O Type in Pin  Old=HR        New=HR    
Change Value of Parameter I/O Type in Pin  Old=HR        New=HR    
Change Value of Parameter I/O Type in Pin  Old=HR        New=HR    
Change Value of Parameter I/O Type in Pin  Old=HR        New=HR    
Change Value of Parameter I/O Type in Pin  Old=HR        New=HR    
Change Value of Parameter I/O Type in Pin  Old=HR        New=HR    
Change Value of Parameter I/O Type in Pin  Old=HR        New=HR    
Change Value of Parameter I/O Type in Pin  Old=HR        New=HR    
Change Value of Parameter I/O Type in Pin  Old=HR        New=HR    
Change Value of Parameter I/O Type in Pin  Old=HR        New=HR    
Change Value of Parameter I/O Type in Pin  Old=HR        New=HR    
Change Value of Parameter I/O Type in Pin  Old=HR        New=HR    
Change Value of Parameter I/O Type in Pin  Old=HR        New=HR    
Change Value of Parameter I/O Type in Pin  Old=HR        New=HR    
Change Value of Parameter I/O Type in Pin  Old=HR        New=HR    
Change Value of Parameter I/O Type in Pin  Old=HR        New=HR    
Change Value of Parameter I/O Type in Pin  Old=HR        New=HR    
Change Value of Parameter I/O Type in Pin  Old=HR        New=HR    
Change Value of Parameter I/O Type in Pin  Old=HR        New=HR    
Change Value of Parameter I/O Type in Pin  Old=HR        New=HR    
Change Value of Parameter I/O Type in Pin  Old=HR        New=HR    
Change Value of Parameter I/O Type in Pin  Old=HR        New=HR    
Change Value of Parameter I/O Type in Pin  Old=HR        New=HR    
Change Value of Parameter I/O Type in Pin  Old=HR        New=HR    
Change Value of Parameter I/O Type in Pin  Old=HR        New=HR    
Change Value of Parameter I/O Type in Pin  Old=HR        New=HR    
Change Value of Parameter I/O Type in Pin  Old=HR        New=HR    
Change Value of Parameter I/O Type in Pin  Old=HR        New=HR    
Change Value of Parameter I/O Type in Pin  Old=HR        New=HR    
Change Value of Parameter I/O Type in Pin  Old=HR        New=HR    
Change Value of Parameter I/O Type in Pin  Old=HR        New=HR    
Change Value of Parameter I/O Type in Pin  Old=HR        New=HR    
Change Value of Parameter I/O Type in Pin  Old=HR        New=HR    
Change Value of Parameter I/O Type in Pin  Old=HR        New=HR    
Change Value of Parameter I/O Type in Pin  Old=HR        New=HR    
Change Value of Parameter I/O Type in Pin  Old=HR        New=HR    
Change Value of Parameter I/O Type in Pin  Old=HR        New=HR    
Change Value of Parameter I/O Type in Pin  Old=HR        New=HR    
Change Value of Parameter I/O Type in Pin  Old=HR        New=HR    
Change Value of Parameter I/O Type in Pin  Old=HR        New=HR    
Change Value of Parameter I/O Type in Pin  Old=HR        New=HR    
Change Value of Parameter I/O Type in Pin  Old=HR        New=HR    
Change Value of Parameter I/O Type in Pin  Old=HR        New=HR    
Change Value of Parameter I/O Type in Pin  Old=HR        New=HR    
Change Value of Parameter I/O Type in Pin  Old=HR        New=HR    
Change Value of Parameter I/O Type in Pin  Old=HR        New=HR    
Change Value of Parameter I/O Type in Pin  Old=HR        New=HR    
Change Value of Parameter I/O Type in Pin  Old=HR        New=HR    
Change Value of Parameter I/O Type in Pin  Old=HR        New=HR    
Change Value of Parameter I/O Type in Pin  Old=HR        New=HR    
Change Value of Parameter I/O Type in Pin  Old=HR        New=HR    
Change Value of Parameter I/O Type in Pin  Old=HR        New=HR    
Change Value of Parameter I/O Type in Pin  Old=HR        New=HR    
Change Value of Parameter I/O Type in Pin  Old=HR        New=HR    
Change Value of Parameter I/O Type in Pin  Old=HR        New=HR    
Change Value of Parameter I/O Type in Pin  Old=HR        New=HR    
Change Value of Parameter I/O Type in Pin  Old=HR        New=HR    
Change Value of Parameter I/O Type in Pin  Old=HR        New=HR    
Change Value of Parameter I/O Type in Pin  Old=HR        New=HR    
Change Value of Parameter I/O Type in Pin  Old=HR        New=HR    
Change Value of Parameter I/O Type in Pin  Old=HR        New=MIO   
Change Value of Parameter I/O Type in Pin  Old=HR        New=MIO   
Change Value of Parameter I/O Type in Pin  Old=HR        New=MIO   
Change Value of Parameter I/O Type in Pin  Old=HR        New=MIO   
Change Value of Parameter I/O Type in Pin  Old=HR        New=MIO   
Change Value of Parameter I/O Type in Pin  Old=HR        New=MIO   
Change Value of Parameter I/O Type in Pin  Old=HR        New=MIO   
Change Value of Parameter I/O Type in Pin  Old=HR        New=MIO   
Change Value of Parameter I/O Type in Pin  Old=HR        New=MIO   
Change Value of Parameter I/O Type in Pin  Old=HR        New=MIO   
Change Value of Parameter I/O Type in Pin  Old=HR        New=MIO   
Change Value of Parameter I/O Type in Pin  Old=HR        New=MIO   
Change Value of Parameter I/O Type in Pin  Old=HR        New=MIO   
Change Value of Parameter I/O Type in Pin  Old=HR        New=MIO   
Change Value of Parameter I/O Type in Pin  Old=HR        New=MIO   
Change Value of Parameter I/O Type in Pin  Old=HR        New=MIO   
Change Value of Parameter I/O Type in Pin  Old=HR        New=MIO   
Change Value of Parameter I/O Type in Pin  Old=HR        New=MIO   
Change Value of Parameter I/O Type in Pin  Old=HR        New=MIO   
Change Value of Parameter I/O Type in Pin  Old=HR        New=MIO   
Change Value of Parameter I/O Type in Pin  Old=HR        New=MIO   
Change Value of Parameter I/O Type in Pin  Old=HR        New=MIO   
Change Value of Parameter I/O Type in Pin  Old=HR        New=MIO   
Change Value of Parameter I/O Type in Pin  Old=HR        New=MIO   
Change Value of Parameter I/O Type in Pin  Old=HR        New=MIO   
Change Value of Parameter I/O Type in Pin  Old=HR        New=MIO   
Change Value of Parameter I/O Type in Pin  Old=HR        New=MIO   
Change Value of Parameter I/O Type in Pin  Old=HR        New=MIO   
Change Value of Parameter I/O Type in Pin  Old=HR        New=MIO   
Change Value of Parameter I/O Type in Pin  Old=HR        New=MIO   
Change Value of Parameter I/O Type in Pin  Old=HR        New=MIO   
Change Value of Parameter I/O Type in Pin  Old=HR        New=MIO   
Change Value of Parameter I/O Type in Pin  Old=HR        New=MIO   
Change Value of Parameter I/O Type in Pin  Old=HR        New=MIO   
Change Value of Parameter I/O Type in Pin  Old=HR        New=MIO   
Change Value of Parameter I/O Type in Pin  Old=HR        New=MIO   
Change Value of Parameter I/O Type in Pin  Old=HR        New=MIO   
Change Value of Parameter I/O Type in Pin  Old=HR        New=MIO   
Change Value of Parameter I/O Type in Pin  Old=HR        New=MIO   
Change Value of Parameter I/O Type in Pin  Old=HR        New=MIO   
Change Value of Parameter I/O Type in Pin  Old=HR        New=MIO   
Change Value of Parameter I/O Type in Pin  Old=HR        New=MIO   
Change Value of Parameter I/O Type in Pin  Old=HR        New=MIO   
Change Value of Parameter I/O Type in Pin  Old=HR        New=MIO   
Change Value of Parameter I/O Type in Pin  Old=HR        New=MIO   
Change Value of Parameter I/O Type in Pin  Old=HR        New=MIO   
Change Value of Parameter I/O Type in Pin  Old=HR        New=MIO   
Change Value of Parameter I/O Type in Pin  Old=HR        New=MIO   
Change Value of Parameter I/O Type in Pin  Old=HR        New=MIO   
Change Value of Parameter I/O Type in Pin  Old=HR        New=MIO   
Change Value of Parameter I/O Type in Pin  Old=HR        New=MIO   
Change Value of Parameter I/O Type in Pin  Old=HR        New=MIO   
Change Value of Parameter I/O Type in Pin  Old=HR        New=MIO   
Change Value of Parameter I/O Type in Pin  Old=HR        New=MIO   
Change Value of Parameter I/O Type in Pin  Old=HR        New=MIO   
Change Value of Parameter I/O Type in Pin  Old=HR        New=MIO   
Change Value of Parameter I/O Type in Pin  Old=HR        New=MIO   
Change Value of Parameter I/O Type in Pin  Old=HR        New=MIO   
Change Value of Parameter I/O Type in Pin  Old=HR        New=DDR   
Change Value of Parameter I/O Type in Pin  Old=HR        New=DDR   
Change Value of Parameter I/O Type in Pin  Old=HR        New=DDR   
Change Value of Parameter I/O Type in Pin  Old=HR        New=DDR   
Change Value of Parameter I/O Type in Pin  Old=HR        New=DDR   
Change Value of Parameter I/O Type in Pin  Old=HR        New=DDR   
Change Value of Parameter I/O Type in Pin  Old=HR        New=DDR   
Change Value of Parameter I/O Type in Pin  Old=HR        New=DDR   
Change Value of Parameter I/O Type in Pin  Old=HR        New=DDR   
Change Value of Parameter I/O Type in Pin  Old=HR        New=DDR   
Change Value of Parameter I/O Type in Pin  Old=HR        New=DDR   
Change Value of Parameter I/O Type in Pin  Old=HR        New=DDR   
Change Value of Parameter I/O Type in Pin  Old=HR        New=DDR   
Change Value of Parameter I/O Type in Pin  Old=HR        New=DDR   
Change Value of Parameter I/O Type in Pin  Old=HR        New=DDR   
Change Value of Parameter I/O Type in Pin  Old=HR        New=DDR   
Change Value of Parameter I/O Type in Pin  Old=HR        New=DDR   
Change Value of Parameter I/O Type in Pin  Old=HR        New=DDR   
Change Value of Parameter I/O Type in Pin  Old=HR        New=DDR   
Change Value of Parameter I/O Type in Pin  Old=MIO       New=DDR   
Change Value of Parameter I/O Type in Pin  Old=MIO       New=DDR   
Change Value of Parameter I/O Type in Pin  Old=MIO       New=DDR   
Change Value of Parameter I/O Type in Pin  Old=MIO       New=DDR   
Change Value of Parameter I/O Type in Pin  Old=MIO       New=DDR   
Change Value of Parameter I/O Type in Pin  Old=MIO       New=DDR   
Change Value of Parameter I/O Type in Pin  Old=MIO       New=DDR   
Change Value of Parameter I/O Type in Pin  Old=MIO       New=DDR   
Change Value of Parameter I/O Type in Pin  Old=MIO       New=DDR   
Change Value of Parameter I/O Type in Pin  Old=MIO       New=DDR   
Change Value of Parameter I/O Type in Pin  Old=MIO       New=DDR   
Change Value of Parameter I/O Type in Pin  Old=MIO       New=DDR   
Change Value of Parameter I/O Type in Pin  Old=MIO       New=DDR   
Change Value of Parameter I/O Type in Pin  Old=MIO       New=DDR   
Change Value of Parameter I/O Type in Pin  Old=MIO       New=DDR   
Change Value of Parameter I/O Type in Pin  Old=MIO       New=DDR   
Change Value of Parameter I/O Type in Pin  Old=MIO       New=DDR   
Change Value of Parameter I/O Type in Pin  Old=MIO       New=DDR   
Change Value of Parameter I/O Type in Pin  Old=MIO       New=DDR   
Change Value of Parameter I/O Type in Pin  Old=MIO       New=DDR   
Change Value of Parameter I/O Type in Pin  Old=MIO       New=DDR   
Change Value of Parameter I/O Type in Pin  Old=MIO       New=DDR   
Change Value of Parameter I/O Type in Pin  Old=MIO       New=DDR   
Change Value of Parameter I/O Type in Pin  Old=MIO       New=DDR   
Change Value of Parameter I/O Type in Pin  Old=MIO       New=DDR   
Change Value of Parameter I/O Type in Pin  Old=MIO       New=DDR   
Change Value of Parameter I/O Type in Pin  Old=MIO       New=DDR   
Change Value of Parameter I/O Type in Pin  Old=MIO       New=DDR   
Change Value of Parameter I/O Type in Pin  Old=MIO       New=DDR   
Change Value of Parameter I/O Type in Pin  Old=MIO       New=DDR   
Change Value of Parameter I/O Type in Pin  Old=MIO       New=DDR   
Change Value of Parameter I/O Type in Pin  Old=MIO       New=DDR   
Change Value of Parameter I/O Type in Pin  Old=MIO       New=DDR   
Change Value of Parameter I/O Type in Pin  Old=MIO       New=DDR   
Change Value of Parameter I/O Type in Pin  Old=MIO       New=DDR   
Change Value of Parameter I/O Type in Pin  Old=MIO       New=DDR   
Change Value of Parameter I/O Type in Pin  Old=MIO       New=DDR   
Change Value of Parameter I/O Type in Pin  Old=MIO       New=DDR   
Change Value of Parameter I/O Type in Pin  Old=MIO       New=DDR   
Change Value of Parameter I/O Type in Pin  Old=MIO       New=DDR   
Change Value of Parameter I/O Type in Pin  Old=MIO       New=DDR   
Change Value of Parameter I/O Type in Pin  Old=MIO       New=DDR   
Change Value of Parameter I/O Type in Pin  Old=MIO       New=DDR   
Change Value of Parameter I/O Type in Pin  Old=MIO       New=DDR   
Change Value of Parameter I/O Type in Pin  Old=MIO       New=DDR   
Change Value of Parameter I/O Type in Pin  Old=MIO       New=DDR   
Change Value of Parameter I/O Type in Pin  Old=MIO       New=DDR   
Change Value of Parameter I/O Type in Pin  Old=MIO       New=DDR   
Change Value of Parameter I/O Type in Pin  Old=MIO       New=DDR   
Change Value of Parameter I/O Type in Pin  Old=MIO       New=DDR   
Change Value of Parameter I/O Type in Pin  Old=MIO       New=DDR   
Change Value of Parameter I/O Type in Pin  Old=DDR       New=DDR   
Change Value of Parameter I/O Type in Pin  Old=DDR       New=DDR   
Change Value of Parameter I/O Type in Pin  Old=DDR       New=DDR   
Change Value of Parameter I/O Type in Pin  Old=DDR       New=NA    
Change Value of Parameter I/O Type in Pin  Old=DDR       New=NA    
Change Value of Parameter I/O Type in Pin  Old=DDR       New=NA    
Change Value of Parameter I/O Type in Pin  Old=DDR       New=NA    
Change Value of Parameter I/O Type in Pin  Old=DDR       New=NA    
Change Value of Parameter I/O Type in Pin  Old=DDR       New=NA    
Change Value of Parameter I/O Type in Pin  Old=DDR       New=NA    
Change Value of Parameter I/O Type in Pin  Old=DDR       New=NA    
Change Value of Parameter I/O Type in Pin  Old=DDR       New=NA    
Change Value of Parameter I/O Type in Pin  Old=DDR       New=NA    
Change Value of Parameter I/O Type in Pin  Old=DDR       New=NA    
Change Value of Parameter I/O Type in Pin  Old=DDR       New=NA    
Change Value of Parameter I/O Type in Pin  Old=DDR       New=NA    
Change Value of Parameter I/O Type in Pin  Old=DDR       New=NA    
Change Value of Parameter I/O Type in Pin  Old=DDR       New=NA    
Change Value of Parameter I/O Type in Pin  Old=DDR       New=NA    
Change Value of Parameter I/O Type in Pin  Old=DDR       New=NA    
Change Value of Parameter I/O Type in Pin  Old=DDR       New=NA    
Change Value of Parameter I/O Type in Pin  Old=DDR       New=NA    
Change Value of Parameter I/O Type in Pin  Old=DDR       New=NA    
Change Value of Parameter I/O Type in Pin  Old=DDR       New=NA    
Change Value of Parameter I/O Type in Pin  Old=DDR       New=NA    
Change Value of Parameter I/O Type in Pin  Old=DDR       New=NA    
Change Value of Parameter I/O Type in Pin  Old=DDR       New=NA    
Change Value of Parameter I/O Type in Pin  Old=DDR       New=NA    
Change Value of Parameter I/O Type in Pin  Old=DDR       New=NA    
Change Value of Parameter I/O Type in Pin  Old=DDR       New=NA    
Change Value of Parameter I/O Type in Pin  Old=DDR       New=NA    
Change Value of Parameter I/O Type in Pin  Old=DDR       New=NA    
Change Value of Parameter I/O Type in Pin  Old=DDR       New=NA    
Change Value of Parameter I/O Type in Pin  Old=DDR       New=NA    
Change Value of Parameter I/O Type in Pin  Old=DDR       New=NA    
Change Value of Parameter I/O Type in Pin  Old=DDR       New=NA    
Change Value of Parameter I/O Type in Pin  Old=DDR       New=NA    
Change Value of Parameter I/O Type in Pin  Old=DDR       New=NA    
Change Value of Parameter I/O Type in Pin  Old=DDR       New=NA    
Change Value of Parameter I/O Type in Pin  Old=DDR       New=NA    
Change Value of Parameter I/O Type in Pin  Old=DDR       New=NA    
Change Value of Parameter I/O Type in Pin  Old=DDR       New=NA    
Change Value of Parameter I/O Type in Pin  Old=DDR       New=NA    
Change Value of Parameter I/O Type in Pin  Old=DDR       New=NA    
Change Value of Parameter I/O Type in Pin  Old=DDR       New=NA    
Change Value of Parameter I/O Type in Pin  Old=DDR       New=NA    
Change Value of Parameter I/O Type in Pin  Old=DDR       New=NA    
Change Value of Parameter I/O Type in Pin  Old=DDR       New=NA    
Change Value of Parameter I/O Type in Pin  Old=DDR       New=NA    
Change Value of Parameter I/O Type in Pin  Old=DDR       New=NA    
Change Value of Parameter I/O Type in Pin  Old=DDR       New=NA    
Change Value of Parameter I/O Type in Pin  Old=DDR       New=NA    
Change Value of Parameter I/O Type in Pin  Old=DDR       New=NA    
Change Value of Parameter I/O Type in Pin  Old=DDR       New=NA    
Change Value of Parameter I/O Type in Pin  Old=DDR       New=NA    
Change Value of Parameter I/O Type in Pin  Old=DDR       New=NA    
Change Value of Parameter I/O Type in Pin  Old=DDR       New=NA    
Change Value of Parameter I/O Type in Pin  Old=DDR       New=NA    
Change Value of Parameter I/O Type in Pin  Old=DDR       New=NA    
Change Value of Parameter I/O Type in Pin  Old=DDR       New=NA    
Change Value of Parameter I/O Type in Pin  Old=DDR       New=NA    
Change Value of Parameter I/O Type in Pin  Old=DDR       New=NA    
Change Value of Parameter I/O Type in Pin  Old=DDR       New=NA    
Change Value of Parameter I/O Type in Pin  Old=DDR       New=NA    
Change Value of Parameter I/O Type in Pin  Old=DDR       New=NA    
Change Value of Parameter I/O Type in Pin  Old=DDR       New=NA    
Change Value of Parameter I/O Type in Pin  Old=NA        New=NA    
Change Value of Parameter I/O Type in Pin  Old=NA        New=NA    
Change Value of Parameter I/O Type in Pin  Old=NA        New=NA    
Change Value of Parameter I/O Type in Pin  Old=NA        New=NA    
Change Value of Parameter I/O Type in Pin  Old=NA        New=NA    
Change Value of Parameter I/O Type in Pin  Old=NA        New=NA    
Change Value of Parameter I/O Type in Pin  Old=NA        New=NA    
Change Value of Parameter I/O Type in Pin  Old=NA        New=NA    
Change Value of Parameter I/O Type in Pin  Old=NA        New=NA    
Change Value of Parameter I/O Type in Pin  Old=NA        New=NA    
Change Value of Parameter I/O Type in Pin  Old=NA        New=NA    
Change Value of Parameter I/O Type in Pin  Old=NA        New=NA    
Change Value of Parameter I/O Type in Pin  Old=NA        New=NA    
Change Value of Parameter I/O Type in Pin  Old=NA        New=NA    
Change Value of Parameter I/O Type in Pin  Old=NA        New=NA    
Change Value of Parameter I/O Type in Pin  Old=NA        New=NA    
Change Value of Parameter I/O Type in Pin  Old=NA        New=NA    
Change Value of Parameter I/O Type in Pin  Old=NA        New=NA    
Change Value of Parameter I/O Type in Pin  Old=NA        New=NA    
Change Value of Parameter I/O Type in Pin  Old=NA        New=NA    
Change Value of Parameter I/O Type in Pin  Old=NA        New=NA    
Change Value of Parameter I/O Type in Pin  Old=NA        New=NA    
Change Value of Parameter I/O Type in Pin  Old=NA        New=NA    
Change Value of Parameter I/O Type in Pin  Old=NA        New=NA    
Change Value of Parameter I/O Type in Pin  Old=NA        New=NA    
Change Value of Parameter I/O Type in Pin  Old=NA        New=NA    
Change Value of Parameter I/O Type in Pin  Old=NA        New=NA    
Change Value of Parameter I/O Type in Pin  Old=NA        New=NA    
Change Value of Parameter I/O Type in Pin  Old=NA        New=NA    
Change Value of Parameter I/O Type in Pin  Old=NA        New=NA    
Change Value of Parameter I/O Type in Pin  Old=NA        New=NA    
Change Value of Parameter I/O Type in Pin  Old=NA        New=NA    
Change Value of Parameter I/O Type in Pin  Old=NA        New=NA    
Change Value of Parameter I/O Type in Pin  Old=NA        New=NA    
Change Value of Parameter I/O Type in Pin  Old=NA        New=NA    
Change Value of Parameter I/O Type in Pin  Old=NA        New=NA    
Change Value of Parameter I/O Type in Pin  Old=NA        New=NA    
Change Value of Parameter I/O Type in Pin  Old=NA        New=NA    
Change Value of Parameter I/O Type in Pin  Old=NA        New=NA    
Change Value of Parameter I/O Type in Pin  Old=NA        New=NA    
Change Value of Parameter I/O Type in Pin  Old=NA        New=NA    
Change Value of Parameter I/O Type in Pin  Old=NA        New=NA    
Change Value of Parameter I/O Type in Pin  Old=NA        New=NA    
Change Value of Parameter I/O Type in Pin  Old=NA        New=NA    
Change Value of Parameter I/O Type in Pin  Old=NA        New=NA    
Change Value of Parameter I/O Type in Pin  Old=NA        New=NA    
Change Value of Parameter I/O Type in Pin  Old=NA        New=NA    
Change Value of Parameter I/O Type in Pin  Old=NA        New=NA    
Change Value of Parameter I/O Type in Pin  Old=NA        New=NA    
Change Value of Parameter I/O Type in Pin  Old=NA        New=NA    
Change Value of Parameter I/O Type in Pin  Old=NA        New=NA    
Change Value of Parameter I/O Type in Pin  Old=NA        New=NA    
Change Value of Parameter I/O Type in Pin  Old=NA        New=NA    
Change Value of Parameter I/O Type in Pin  Old=NA        New=NA    
Change Value of Parameter I/O Type in Pin  Old=NA        New=NA    
Change Value of Parameter I/O Type in Pin  Old=NA        New=NA    
Change Value of Parameter I/O Type in Pin  Old=NA        New=NA    
Change Value of Parameter I/O Type in Pin  Old=NA        New=NA    
Change Value of Parameter I/O Type in Pin  Old=NA        New=NA    
Change Value of Parameter I/O Type in Pin  Old=NA        New=NA    
Change Value of Parameter I/O Type in Pin  Old=NA        New=NA    
Change Value of Parameter I/O Type in Pin  Old=NA        New=NA    
Change Value of Parameter I/O Type in Pin  Old=NA        New=NA    
Change Value of Parameter I/O Type in Pin  Old=NA        New=NA    
Change Value of Parameter I/O Type in Pin  Old=NA        New=NA    
Change Value of Parameter I/O Type in Pin  Old=NA        New=NA    
Change Value of Parameter I/O Type in Pin  Old=NA        New=NA    
Change Value of Parameter I/O Type in Pin  Old=NA        New=DDR   
Change Value of Parameter I/O Type in Pin  Old=NA        New=DDR   
